{
  "stats": {
    "suites": 52,
    "tests": 163,
    "passes": 163,
    "pending": 0,
    "failures": 0,
    "start": "2018-01-18T23:12:02.680Z",
    "end": "2018-01-18T23:15:01.248Z",
    "duration": 178568,
    "testsRegistered": 163,
    "passPercent": 100,
    "pendingPercent": 0,
    "other": 0,
    "hasOther": false,
    "skipped": 0,
    "hasSkipped": false,
    "passPercentClass": "success",
    "pendingPercentClass": "danger"
  },
  "suites": {
    "uuid": "c18d8e83-fcd2-424c-baa5-e88c997a908b",
    "title": "",
    "fullFile": "",
    "file": "",
    "beforeHooks": [],
    "afterHooks": [],
    "tests": [],
    "suites": [
      {
        "uuid": "0afff31e-d11d-405c-86ad-1ff9c46459f2",
        "title": "BallotsStorageMock",
        "fullFile": "",
        "file": "",
        "beforeHooks": [
          {
            "title": "\"before all\" hook: prepare suite",
            "fullTitle": "BallotsStorageMock \"before all\" hook: prepare suite",
            "timedOut": false,
            "duration": 0,
            "pass": false,
            "fail": false,
            "pending": false,
            "code": "series([\n  runner.initialize.bind(runner),\n  self.compileNewAbstractInterface.bind(this, runner),\n  self.deployTestDependencies.bind(this, abstraction, dependency_paths, runner)\n], done);",
            "err": {},
            "isRoot": false,
            "uuid": "4ac27483-62b1-46c2-bba7-5d7c061aa48c",
            "isHook": true,
            "skipped": false
          },
          {
            "title": "\"before each\" hook: before test",
            "fullTitle": "BallotsStorageMock \"before each\" hook: before test",
            "timedOut": false,
            "duration": 0,
            "pass": false,
            "fail": false,
            "pending": false,
            "code": "runner.startTest(this, done);",
            "err": {},
            "isRoot": false,
            "uuid": "8bfc9f42-bbce-4f57-a59e-84e3ab39ebf0",
            "isHook": true,
            "skipped": false
          }
        ],
        "afterHooks": [
          {
            "title": "\"after each\" hook: after test",
            "fullTitle": "BallotsStorageMock \"after each\" hook: after test",
            "timedOut": false,
            "duration": 0,
            "pass": false,
            "fail": false,
            "pending": false,
            "code": "runner.endTest(this, done);",
            "err": {},
            "isRoot": false,
            "uuid": "d720b958-e452-4d70-ba9f-7b1a3aa3114e",
            "isHook": true,
            "skipped": false
          }
        ],
        "tests": [],
        "suites": [],
        "passes": [],
        "failures": [],
        "pending": [],
        "skipped": [],
        "duration": 0,
        "root": false,
        "rootEmpty": false,
        "_timeout": 2000
      },
      {
        "uuid": "390942a7-814b-435b-ace9-42ad5935a3d2",
        "title": "KeysManagerMock",
        "fullFile": "",
        "file": "",
        "beforeHooks": [
          {
            "title": "\"before all\" hook: prepare suite",
            "fullTitle": "KeysManagerMock \"before all\" hook: prepare suite",
            "timedOut": false,
            "duration": 0,
            "pass": false,
            "fail": false,
            "pending": false,
            "code": "series([\n  runner.initialize.bind(runner),\n  self.compileNewAbstractInterface.bind(this, runner),\n  self.deployTestDependencies.bind(this, abstraction, dependency_paths, runner)\n], done);",
            "err": {},
            "isRoot": false,
            "uuid": "9603cfeb-942d-432a-9bc9-625a73c38008",
            "isHook": true,
            "skipped": false
          },
          {
            "title": "\"before each\" hook: before test",
            "fullTitle": "KeysManagerMock \"before each\" hook: before test",
            "timedOut": false,
            "duration": 0,
            "pass": false,
            "fail": false,
            "pending": false,
            "code": "runner.startTest(this, done);",
            "err": {},
            "isRoot": false,
            "uuid": "06fbbf6f-adf3-42ba-a93f-5cb3b2a0ff8d",
            "isHook": true,
            "skipped": false
          }
        ],
        "afterHooks": [
          {
            "title": "\"after each\" hook: after test",
            "fullTitle": "KeysManagerMock \"after each\" hook: after test",
            "timedOut": false,
            "duration": 0,
            "pass": false,
            "fail": false,
            "pending": false,
            "code": "runner.endTest(this, done);",
            "err": {},
            "isRoot": false,
            "uuid": "616d34d6-a5ef-44b7-a8db-bbecd0d01e16",
            "isHook": true,
            "skipped": false
          }
        ],
        "tests": [],
        "suites": [],
        "passes": [],
        "failures": [],
        "pending": [],
        "skipped": [],
        "duration": 0,
        "root": false,
        "rootEmpty": false,
        "_timeout": 2000
      },
      {
        "uuid": "f1b2695f-40ac-4769-a9e5-03b78efd425a",
        "title": "PoaNetworkConsensusMock",
        "fullFile": "",
        "file": "",
        "beforeHooks": [
          {
            "title": "\"before all\" hook: prepare suite",
            "fullTitle": "PoaNetworkConsensusMock \"before all\" hook: prepare suite",
            "timedOut": false,
            "duration": 0,
            "pass": false,
            "fail": false,
            "pending": false,
            "code": "series([\n  runner.initialize.bind(runner),\n  self.compileNewAbstractInterface.bind(this, runner),\n  self.deployTestDependencies.bind(this, abstraction, dependency_paths, runner)\n], done);",
            "err": {},
            "isRoot": false,
            "uuid": "63f467d5-d519-443f-b403-116b916bddd9",
            "isHook": true,
            "skipped": false
          },
          {
            "title": "\"before each\" hook: before test",
            "fullTitle": "PoaNetworkConsensusMock \"before each\" hook: before test",
            "timedOut": false,
            "duration": 0,
            "pass": false,
            "fail": false,
            "pending": false,
            "code": "runner.startTest(this, done);",
            "err": {},
            "isRoot": false,
            "uuid": "7515ed95-9e6c-433b-b292-ff926c7ce96d",
            "isHook": true,
            "skipped": false
          }
        ],
        "afterHooks": [
          {
            "title": "\"after each\" hook: after test",
            "fullTitle": "PoaNetworkConsensusMock \"after each\" hook: after test",
            "timedOut": false,
            "duration": 0,
            "pass": false,
            "fail": false,
            "pending": false,
            "code": "runner.endTest(this, done);",
            "err": {},
            "isRoot": false,
            "uuid": "6c431479-abbe-4a42-a289-57623849d0e2",
            "isHook": true,
            "skipped": false
          }
        ],
        "tests": [],
        "suites": [],
        "passes": [],
        "failures": [],
        "pending": [],
        "skipped": [],
        "duration": 0,
        "root": false,
        "rootEmpty": false,
        "_timeout": 2000
      },
      {
        "uuid": "0eb80354-393b-49d3-b845-2a36235dbabd",
        "title": "ProxyStorageMock",
        "fullFile": "",
        "file": "",
        "beforeHooks": [
          {
            "title": "\"before all\" hook: prepare suite",
            "fullTitle": "ProxyStorageMock \"before all\" hook: prepare suite",
            "timedOut": false,
            "duration": 0,
            "pass": false,
            "fail": false,
            "pending": false,
            "code": "series([\n  runner.initialize.bind(runner),\n  self.compileNewAbstractInterface.bind(this, runner),\n  self.deployTestDependencies.bind(this, abstraction, dependency_paths, runner)\n], done);",
            "err": {},
            "isRoot": false,
            "uuid": "bd04c36f-7912-4f93-a7da-68f49e876392",
            "isHook": true,
            "skipped": false
          },
          {
            "title": "\"before each\" hook: before test",
            "fullTitle": "ProxyStorageMock \"before each\" hook: before test",
            "timedOut": false,
            "duration": 0,
            "pass": false,
            "fail": false,
            "pending": false,
            "code": "runner.startTest(this, done);",
            "err": {},
            "isRoot": false,
            "uuid": "a17f2e10-3a53-4268-9165-2b9981e15190",
            "isHook": true,
            "skipped": false
          }
        ],
        "afterHooks": [
          {
            "title": "\"after each\" hook: after test",
            "fullTitle": "ProxyStorageMock \"after each\" hook: after test",
            "timedOut": false,
            "duration": 0,
            "pass": false,
            "fail": false,
            "pending": false,
            "code": "runner.endTest(this, done);",
            "err": {},
            "isRoot": false,
            "uuid": "de4ec592-2c2c-4ab6-b1d1-81cd8eaf40c4",
            "isHook": true,
            "skipped": false
          }
        ],
        "tests": [],
        "suites": [],
        "passes": [],
        "failures": [],
        "pending": [],
        "skipped": [],
        "duration": 0,
        "root": false,
        "rootEmpty": false,
        "_timeout": 2000
      },
      {
        "uuid": "68a297a4-1af7-4b51-97e8-73d20eb9631a",
        "title": "ValidatorMetadataMock",
        "fullFile": "",
        "file": "",
        "beforeHooks": [
          {
            "title": "\"before all\" hook: prepare suite",
            "fullTitle": "ValidatorMetadataMock \"before all\" hook: prepare suite",
            "timedOut": false,
            "duration": 0,
            "pass": false,
            "fail": false,
            "pending": false,
            "code": "series([\n  runner.initialize.bind(runner),\n  self.compileNewAbstractInterface.bind(this, runner),\n  self.deployTestDependencies.bind(this, abstraction, dependency_paths, runner)\n], done);",
            "err": {},
            "isRoot": false,
            "uuid": "4b10afd8-d531-4f01-8a6f-ea5e5793ca6d",
            "isHook": true,
            "skipped": false
          },
          {
            "title": "\"before each\" hook: before test",
            "fullTitle": "ValidatorMetadataMock \"before each\" hook: before test",
            "timedOut": false,
            "duration": 0,
            "pass": false,
            "fail": false,
            "pending": false,
            "code": "runner.startTest(this, done);",
            "err": {},
            "isRoot": false,
            "uuid": "899fbf99-1831-4183-b8a0-e3ef5f8fface",
            "isHook": true,
            "skipped": false
          }
        ],
        "afterHooks": [
          {
            "title": "\"after each\" hook: after test",
            "fullTitle": "ValidatorMetadataMock \"after each\" hook: after test",
            "timedOut": false,
            "duration": 0,
            "pass": false,
            "fail": false,
            "pending": false,
            "code": "runner.endTest(this, done);",
            "err": {},
            "isRoot": false,
            "uuid": "58ba8b90-1cf6-48d3-b314-4dc30504719a",
            "isHook": true,
            "skipped": false
          }
        ],
        "tests": [],
        "suites": [],
        "passes": [],
        "failures": [],
        "pending": [],
        "skipped": [],
        "duration": 0,
        "root": false,
        "rootEmpty": false,
        "_timeout": 2000
      },
      {
        "uuid": "8a21b46c-0bc3-427e-9fc4-d9202ff5ac7c",
        "title": "VotingToChangeKeysMock",
        "fullFile": "",
        "file": "",
        "beforeHooks": [
          {
            "title": "\"before all\" hook: prepare suite",
            "fullTitle": "VotingToChangeKeysMock \"before all\" hook: prepare suite",
            "timedOut": false,
            "duration": 0,
            "pass": false,
            "fail": false,
            "pending": false,
            "code": "series([\n  runner.initialize.bind(runner),\n  self.compileNewAbstractInterface.bind(this, runner),\n  self.deployTestDependencies.bind(this, abstraction, dependency_paths, runner)\n], done);",
            "err": {},
            "isRoot": false,
            "uuid": "f11c370e-642c-4008-8cc4-7d33acfaf34a",
            "isHook": true,
            "skipped": false
          },
          {
            "title": "\"before each\" hook: before test",
            "fullTitle": "VotingToChangeKeysMock \"before each\" hook: before test",
            "timedOut": false,
            "duration": 0,
            "pass": false,
            "fail": false,
            "pending": false,
            "code": "runner.startTest(this, done);",
            "err": {},
            "isRoot": false,
            "uuid": "8e0b2c93-b2d4-447a-8d9c-da64202bda97",
            "isHook": true,
            "skipped": false
          }
        ],
        "afterHooks": [
          {
            "title": "\"after each\" hook: after test",
            "fullTitle": "VotingToChangeKeysMock \"after each\" hook: after test",
            "timedOut": false,
            "duration": 0,
            "pass": false,
            "fail": false,
            "pending": false,
            "code": "runner.endTest(this, done);",
            "err": {},
            "isRoot": false,
            "uuid": "51c1da25-c9d2-4a7e-a1e2-f0810e38f008",
            "isHook": true,
            "skipped": false
          }
        ],
        "tests": [],
        "suites": [],
        "passes": [],
        "failures": [],
        "pending": [],
        "skipped": [],
        "duration": 0,
        "root": false,
        "rootEmpty": false,
        "_timeout": 2000
      },
      {
        "uuid": "1f48e976-8926-460b-8574-17dba35e668c",
        "title": "VotingToChangeMinThresholdMock",
        "fullFile": "",
        "file": "",
        "beforeHooks": [
          {
            "title": "\"before all\" hook: prepare suite",
            "fullTitle": "VotingToChangeMinThresholdMock \"before all\" hook: prepare suite",
            "timedOut": false,
            "duration": 0,
            "pass": false,
            "fail": false,
            "pending": false,
            "code": "series([\n  runner.initialize.bind(runner),\n  self.compileNewAbstractInterface.bind(this, runner),\n  self.deployTestDependencies.bind(this, abstraction, dependency_paths, runner)\n], done);",
            "err": {},
            "isRoot": false,
            "uuid": "b8d1e34d-2347-46a2-ba1c-a413622f082f",
            "isHook": true,
            "skipped": false
          },
          {
            "title": "\"before each\" hook: before test",
            "fullTitle": "VotingToChangeMinThresholdMock \"before each\" hook: before test",
            "timedOut": false,
            "duration": 0,
            "pass": false,
            "fail": false,
            "pending": false,
            "code": "runner.startTest(this, done);",
            "err": {},
            "isRoot": false,
            "uuid": "07bb8af8-72da-4b6f-b107-982e2ec45dd1",
            "isHook": true,
            "skipped": false
          }
        ],
        "afterHooks": [
          {
            "title": "\"after each\" hook: after test",
            "fullTitle": "VotingToChangeMinThresholdMock \"after each\" hook: after test",
            "timedOut": false,
            "duration": 0,
            "pass": false,
            "fail": false,
            "pending": false,
            "code": "runner.endTest(this, done);",
            "err": {},
            "isRoot": false,
            "uuid": "8be10cc5-c068-44c1-9102-4da7bb8ee5da",
            "isHook": true,
            "skipped": false
          }
        ],
        "tests": [],
        "suites": [],
        "passes": [],
        "failures": [],
        "pending": [],
        "skipped": [],
        "duration": 0,
        "root": false,
        "rootEmpty": false,
        "_timeout": 2000
      },
      {
        "uuid": "b2d82f97-db6a-4c2c-b1c6-66f7a47a987e",
        "title": "VotingToChangeProxyAddressMock",
        "fullFile": "",
        "file": "",
        "beforeHooks": [
          {
            "title": "\"before all\" hook: prepare suite",
            "fullTitle": "VotingToChangeProxyAddressMock \"before all\" hook: prepare suite",
            "timedOut": false,
            "duration": 0,
            "pass": false,
            "fail": false,
            "pending": false,
            "code": "series([\n  runner.initialize.bind(runner),\n  self.compileNewAbstractInterface.bind(this, runner),\n  self.deployTestDependencies.bind(this, abstraction, dependency_paths, runner)\n], done);",
            "err": {},
            "isRoot": false,
            "uuid": "3aecc335-e5b4-4d86-884a-c5ce8fa91ad2",
            "isHook": true,
            "skipped": false
          },
          {
            "title": "\"before each\" hook: before test",
            "fullTitle": "VotingToChangeProxyAddressMock \"before each\" hook: before test",
            "timedOut": false,
            "duration": 0,
            "pass": false,
            "fail": false,
            "pending": false,
            "code": "runner.startTest(this, done);",
            "err": {},
            "isRoot": false,
            "uuid": "b3b720ef-8518-40b9-a05e-32ab5c3992f9",
            "isHook": true,
            "skipped": false
          }
        ],
        "afterHooks": [
          {
            "title": "\"after each\" hook: after test",
            "fullTitle": "VotingToChangeProxyAddressMock \"after each\" hook: after test",
            "timedOut": false,
            "duration": 0,
            "pass": false,
            "fail": false,
            "pending": false,
            "code": "runner.endTest(this, done);",
            "err": {},
            "isRoot": false,
            "uuid": "11ae406e-11ca-47c8-a09e-392bf64f582f",
            "isHook": true,
            "skipped": false
          }
        ],
        "tests": [],
        "suites": [],
        "passes": [],
        "failures": [],
        "pending": [],
        "skipped": [],
        "duration": 0,
        "root": false,
        "rootEmpty": false,
        "_timeout": 2000
      },
      {
        "uuid": "273dce7d-0542-47e7-bb5a-b2f810fd9639",
        "title": "Contract: BallotsStorage [all features]",
        "fullFile": "/home/travis/build/poanetwork/poa-network-consensus-contracts/test/ballots_storage_test.js",
        "file": "/test/ballots_storage_test.js",
        "beforeHooks": [
          {
            "title": "\"before all\" hook: prepare suite",
            "fullTitle": "Contract: BallotsStorage [all features] \"before all\" hook: prepare suite",
            "timedOut": false,
            "duration": 74,
            "pass": false,
            "fail": false,
            "pending": false,
            "code": "this.timeout(runner.BEFORE_TIMEOUT);\nrunner.initialize(done);",
            "err": {},
            "isRoot": false,
            "uuid": "3065bdd2-67ff-461e-8324-0be6c0888d73",
            "isHook": true,
            "skipped": false
          },
          {
            "title": "\"before each\" hook: before test",
            "fullTitle": "Contract: BallotsStorage [all features] \"before each\" hook: before test",
            "timedOut": false,
            "duration": 3,
            "pass": false,
            "fail": false,
            "pending": false,
            "code": "runner.startTest(this, done);",
            "err": {},
            "isRoot": false,
            "uuid": "5b95ac0a-d8b1-4439-9844-4d0c330d9d3c",
            "isHook": true,
            "skipped": false
          },
          {
            "title": "\"before each\" hook",
            "fullTitle": "Contract: BallotsStorage [all features] \"before each\" hook",
            "timedOut": false,
            "duration": 325,
            "pass": false,
            "fail": false,
            "pending": false,
            "code": "poaNetworkConsensus = await PoaNetworkConsensus.new(masterOfCeremony, []);\nproxyStorage = await ProxyStorageMock.new(poaNetworkConsensus.address);\nballotsStorageMock = await BallotsStorageMock.new(proxyStorage.address);\nkeysManager = await KeysManagerMock.new(proxyStorage.address, poaNetworkConsensus.address, masterOfCeremony, \"0x0000000000000000000000000000000000000000\");\nawait poaNetworkConsensus.setProxyStorage(proxyStorage.address);\nawait proxyStorage.initializeAddresses(keysManager.address, votingToChangeKeys, votingToChangeMinThreshold, votingToChangeProxy, ballotsStorageMock.address);",
            "err": {},
            "isRoot": false,
            "uuid": "e54bcc8c-5ec6-484f-9df1-0fb01ba0cb3a",
            "isHook": true,
            "skipped": false
          }
        ],
        "afterHooks": [
          {
            "title": "\"after each\" hook: after test",
            "fullTitle": "Contract: BallotsStorage [all features] \"after each\" hook: after test",
            "timedOut": false,
            "duration": 11,
            "pass": false,
            "fail": false,
            "pending": false,
            "code": "runner.endTest(this, done);",
            "err": {},
            "isRoot": false,
            "uuid": "3076be34-c66e-4679-9e51-a6d11f95407c",
            "isHook": true,
            "skipped": false
          }
        ],
        "tests": [],
        "suites": [
          {
            "uuid": "f68986d3-1ae0-4664-9318-c1cffa42aa4b",
            "title": "#contstuctor",
            "fullFile": "/home/travis/build/poanetwork/poa-network-consensus-contracts/test/ballots_storage_test.js",
            "file": "/test/ballots_storage_test.js",
            "beforeHooks": [],
            "afterHooks": [],
            "tests": [
              {
                "title": "sets MoC and Poa",
                "fullTitle": "Contract: BallotsStorage [all features] #contstuctor sets MoC and Poa",
                "timedOut": false,
                "duration": 50,
                "state": "passed",
                "speed": "medium",
                "pass": true,
                "fail": false,
                "pending": false,
                "code": "new web3.BigNumber(3).should.be.bignumber.equal(\n  await ballotsStorageMock.getBallotThreshold(1)\n);\nnew web3.BigNumber(2).should.be.bignumber.equal(\n  await ballotsStorageMock.getBallotThreshold(2)\n);",
                "err": {},
                "isRoot": false,
                "uuid": "3b43fec1-fffb-4c36-b827-26ef2719be70",
                "isHook": false,
                "skipped": false
              }
            ],
            "suites": [],
            "passes": [
              "3b43fec1-fffb-4c36-b827-26ef2719be70"
            ],
            "failures": [],
            "pending": [],
            "skipped": [],
            "duration": 50,
            "root": false,
            "rootEmpty": false,
            "_timeout": 300000
          },
          {
            "uuid": "22d5cc1b-91c7-4c37-86e4-e77a61bb9d5a",
            "title": "#setThreshold",
            "fullFile": "/home/travis/build/poanetwork/poa-network-consensus-contracts/test/ballots_storage_test.js",
            "file": "/test/ballots_storage_test.js",
            "beforeHooks": [],
            "afterHooks": [],
            "tests": [
              {
                "title": "can only be called from votingToChangeThreshold address",
                "fullTitle": "Contract: BallotsStorage [all features] #setThreshold can only be called from votingToChangeThreshold address",
                "timedOut": false,
                "duration": 97,
                "state": "passed",
                "speed": "slow",
                "pass": true,
                "fail": false,
                "pending": false,
                "code": "await ballotsStorageMock.setThreshold(4, 1, {from: accounts[1]}).should.be.rejectedWith(ERROR_MSG);\nawait ballotsStorageMock.setThreshold(4, 1, {from: accounts[3]}).should.be.fulfilled;",
                "err": {},
                "isRoot": false,
                "uuid": "75c65c02-5b56-455f-982f-343890a09de3",
                "isHook": false,
                "skipped": false
              },
              {
                "title": "cannot be set for Invalid threshold",
                "fullTitle": "Contract: BallotsStorage [all features] #setThreshold cannot be set for Invalid threshold",
                "timedOut": false,
                "duration": 164,
                "state": "passed",
                "speed": "slow",
                "pass": true,
                "fail": false,
                "pending": false,
                "code": "await ballotsStorageMock.setThreshold(5, 0, {from: accounts[3]}).should.be.rejectedWith(ERROR_MSG);\nawait ballotsStorageMock.setThreshold(5, -10, {from: accounts[3]}).should.be.rejectedWith(ERROR_MSG);\nawait ballotsStorageMock.setThreshold(5, -1, {from: accounts[3]}).should.be.rejectedWith(ERROR_MSG);\nawait ballotsStorageMock.setThreshold(5, 3, {from: accounts[3]}).should.be.rejectedWith(ERROR_MSG);",
                "err": {},
                "isRoot": false,
                "uuid": "42bc374e-3d6e-4a26-9289-bc23557bbda0",
                "isHook": false,
                "skipped": false
              },
              {
                "title": "new value cannot be equal to 0",
                "fullTitle": "Contract: BallotsStorage [all features] #setThreshold new value cannot be equal to 0",
                "timedOut": false,
                "duration": 152,
                "state": "passed",
                "speed": "slow",
                "pass": true,
                "fail": false,
                "pending": false,
                "code": "await ballotsStorageMock.setThreshold(0, 1, {from: accounts[3]}).should.be.rejectedWith(ERROR_MSG);\nawait ballotsStorageMock.setThreshold(0, 2, {from: accounts[3]}).should.be.rejectedWith(ERROR_MSG);\nawait ballotsStorageMock.setThreshold(4, 1, {from: accounts[3]}).should.be.fulfilled;\nawait ballotsStorageMock.setThreshold(4, 2, {from: accounts[3]}).should.be.fulfilled;",
                "err": {},
                "isRoot": false,
                "uuid": "21742c70-360e-4f93-8975-d2be6faddfbc",
                "isHook": false,
                "skipped": false
              },
              {
                "title": "sets new value for Keys threshold",
                "fullTitle": "Contract: BallotsStorage [all features] #setThreshold sets new value for Keys threshold",
                "timedOut": false,
                "duration": 93,
                "state": "passed",
                "speed": "slow",
                "pass": true,
                "fail": false,
                "pending": false,
                "code": "await ballotsStorageMock.setThreshold(5, 1, {from: accounts[3]}).should.be.fulfilled; \nnew web3.BigNumber(5).should.be.bignumber.equal(await ballotsStorageMock.getBallotThreshold(1));",
                "err": {},
                "isRoot": false,
                "uuid": "933f8752-3405-4091-a568-b5f500f4b033",
                "isHook": false,
                "skipped": false
              },
              {
                "title": "sets new value for MetadataChange threshold",
                "fullTitle": "Contract: BallotsStorage [all features] #setThreshold sets new value for MetadataChange threshold",
                "timedOut": false,
                "duration": 59,
                "state": "passed",
                "speed": "medium",
                "pass": true,
                "fail": false,
                "pending": false,
                "code": "await ballotsStorageMock.setThreshold(6, 2, {from: accounts[3]}).should.be.fulfilled;\nnew web3.BigNumber(6).should.be.bignumber.equal(await ballotsStorageMock.getBallotThreshold(2));",
                "err": {},
                "isRoot": false,
                "uuid": "11505867-e582-44aa-878c-0fed7f1ad8ec",
                "isHook": false,
                "skipped": false
              }
            ],
            "suites": [],
            "passes": [
              "75c65c02-5b56-455f-982f-343890a09de3",
              "42bc374e-3d6e-4a26-9289-bc23557bbda0",
              "21742c70-360e-4f93-8975-d2be6faddfbc",
              "933f8752-3405-4091-a568-b5f500f4b033",
              "11505867-e582-44aa-878c-0fed7f1ad8ec"
            ],
            "failures": [],
            "pending": [],
            "skipped": [],
            "duration": 565,
            "root": false,
            "rootEmpty": false,
            "_timeout": 300000
          },
          {
            "uuid": "e31f9e82-2f97-44e6-8bbf-b15a8d7fd79f",
            "title": "#getTotalNumberOfValidators",
            "fullFile": "/home/travis/build/poanetwork/poa-network-consensus-contracts/test/ballots_storage_test.js",
            "file": "/test/ballots_storage_test.js",
            "beforeHooks": [],
            "afterHooks": [],
            "tests": [
              {
                "title": "returns total number of validators",
                "fullTitle": "Contract: BallotsStorage [all features] #getTotalNumberOfValidators returns total number of validators",
                "timedOut": false,
                "duration": 207,
                "state": "passed",
                "speed": "slow",
                "pass": true,
                "fail": false,
                "pending": false,
                "code": "await proxyStorage.setKeysManagerMock(masterOfCeremony);\nawait poaNetworkConsensus.addValidator(accounts[1], true);\nawait poaNetworkConsensus.setSystemAddress(masterOfCeremony);\nawait poaNetworkConsensus.finalizeChange().should.be.fulfilled;\nconst getValidators = await poaNetworkConsensus.getValidators();\nnew web3.BigNumber(2).should.be.bignumber.equal(getValidators.length);\nnew web3.BigNumber(2).should.be.bignumber.equal(await ballotsStorageMock.getTotalNumberOfValidators())",
                "err": {},
                "isRoot": false,
                "uuid": "2b29c2ad-c818-4d6f-9a25-e21b8095f5d1",
                "isHook": false,
                "skipped": false
              }
            ],
            "suites": [],
            "passes": [
              "2b29c2ad-c818-4d6f-9a25-e21b8095f5d1"
            ],
            "failures": [],
            "pending": [],
            "skipped": [],
            "duration": 207,
            "root": false,
            "rootEmpty": false,
            "_timeout": 300000
          },
          {
            "uuid": "191fb00a-c4a9-4d5e-8861-4c59902b44c9",
            "title": "#getProxyThreshold",
            "fullFile": "/home/travis/build/poanetwork/poa-network-consensus-contracts/test/ballots_storage_test.js",
            "file": "/test/ballots_storage_test.js",
            "beforeHooks": [],
            "afterHooks": [],
            "tests": [
              {
                "title": "returns total number of validators",
                "fullTitle": "Contract: BallotsStorage [all features] #getProxyThreshold returns total number of validators",
                "timedOut": false,
                "duration": 514,
                "state": "passed",
                "speed": "slow",
                "pass": true,
                "fail": false,
                "pending": false,
                "code": "new web3.BigNumber(1).should.be.bignumber.equal(await ballotsStorageMock.getProxyThreshold())\nawait proxyStorage.setKeysManagerMock(masterOfCeremony);\nawait poaNetworkConsensus.addValidator(accounts[1], true);\nawait poaNetworkConsensus.addValidator(accounts[2], true);\nawait poaNetworkConsensus.addValidator(accounts[3], true);\nawait poaNetworkConsensus.addValidator(accounts[4], true);\nawait poaNetworkConsensus.addValidator(accounts[5], true);\nawait poaNetworkConsensus.setSystemAddress(accounts[0]);\nawait poaNetworkConsensus.finalizeChange().should.be.fulfilled;\nconst getValidators = await poaNetworkConsensus.getValidators();\nnew web3.BigNumber(6).should.be.bignumber.equal(getValidators.length);\nnew web3.BigNumber(4).should.be.bignumber.equal(await ballotsStorageMock.getProxyThreshold())",
                "err": {},
                "isRoot": false,
                "uuid": "e9325eb5-656c-4191-8d1c-532b9b2c658e",
                "isHook": false,
                "skipped": false
              }
            ],
            "suites": [],
            "passes": [
              "e9325eb5-656c-4191-8d1c-532b9b2c658e"
            ],
            "failures": [],
            "pending": [],
            "skipped": [],
            "duration": 514,
            "root": false,
            "rootEmpty": false,
            "_timeout": 300000
          },
          {
            "uuid": "3fe8acf7-d26b-4963-a46d-f34a0b86d47a",
            "title": "#getVotingToChangeThreshold",
            "fullFile": "/home/travis/build/poanetwork/poa-network-consensus-contracts/test/ballots_storage_test.js",
            "file": "/test/ballots_storage_test.js",
            "beforeHooks": [],
            "afterHooks": [],
            "tests": [
              {
                "title": "returns voting to change min threshold address",
                "fullTitle": "Contract: BallotsStorage [all features] #getVotingToChangeThreshold returns voting to change min threshold address",
                "timedOut": false,
                "duration": 95,
                "state": "passed",
                "speed": "slow",
                "pass": true,
                "fail": false,
                "pending": false,
                "code": "votingToChangeMinThreshold.should.be.equal(await ballotsStorageMock.getVotingToChangeThreshold())\nawait proxyStorage.setVotingToChangeMinThresholdMock(accounts[4]);\naccounts[4].should.be.equal(await ballotsStorageMock.getVotingToChangeThreshold())",
                "err": {},
                "isRoot": false,
                "uuid": "56328f56-06ab-49a4-8c38-223865dd15e9",
                "isHook": false,
                "skipped": false
              }
            ],
            "suites": [],
            "passes": [
              "56328f56-06ab-49a4-8c38-223865dd15e9"
            ],
            "failures": [],
            "pending": [],
            "skipped": [],
            "duration": 95,
            "root": false,
            "rootEmpty": false,
            "_timeout": 300000
          },
          {
            "uuid": "bfafd644-b2ba-4c1c-99bb-2734022a29c9",
            "title": "#getBallotLimit",
            "fullFile": "/home/travis/build/poanetwork/poa-network-consensus-contracts/test/ballots_storage_test.js",
            "file": "/test/ballots_storage_test.js",
            "beforeHooks": [],
            "afterHooks": [],
            "tests": [
              {
                "title": "returns limit per validator to create ballots",
                "fullTitle": "Contract: BallotsStorage [all features] #getBallotLimit returns limit per validator to create ballots",
                "timedOut": false,
                "duration": 220,
                "state": "passed",
                "speed": "slow",
                "pass": true,
                "fail": false,
                "pending": false,
                "code": "let limit = await ballotsStorageMock.getBallotLimitPerValidator();\nlimit.should.be.bignumber.equal(200);\nawait keysManager.addMiningKey(accounts[1]).should.be.fulfilled;\nawait poaNetworkConsensus.setSystemAddress(accounts[0]);\nawait poaNetworkConsensus.finalizeChange().should.be.fulfilled;\nlimit = await ballotsStorageMock.getBallotLimitPerValidator();\nlimit.should.be.bignumber.equal(100);",
                "err": {},
                "isRoot": false,
                "uuid": "eebc0c08-97b6-4f4e-bb34-fb2d0f1810bc",
                "isHook": false,
                "skipped": false
              }
            ],
            "suites": [],
            "passes": [
              "eebc0c08-97b6-4f4e-bb34-fb2d0f1810bc"
            ],
            "failures": [],
            "pending": [],
            "skipped": [],
            "duration": 220,
            "root": false,
            "rootEmpty": false,
            "_timeout": 300000
          }
        ],
        "passes": [],
        "failures": [],
        "pending": [],
        "skipped": [],
        "duration": 0,
        "root": false,
        "rootEmpty": false,
        "_timeout": 300000
      },
      {
        "uuid": "82a38dad-6633-470a-b9b3-d0eeb645bdc1",
        "title": "Contract: KeysManager [all features]",
        "fullFile": "/home/travis/build/poanetwork/poa-network-consensus-contracts/test/keys_manager_test.js",
        "file": "/test/keys_manager_test.js",
        "beforeHooks": [
          {
            "title": "\"before all\" hook: prepare suite",
            "fullTitle": "Contract: KeysManager [all features] \"before all\" hook: prepare suite",
            "timedOut": false,
            "duration": 356,
            "pass": false,
            "fail": false,
            "pending": false,
            "code": "this.timeout(runner.BEFORE_TIMEOUT);\nrunner.initialize(done);",
            "err": {},
            "isRoot": false,
            "uuid": "2e3c2ec6-3bb2-4c99-aad2-014cc731c016",
            "isHook": true,
            "skipped": false
          },
          {
            "title": "\"before each\" hook: before test",
            "fullTitle": "Contract: KeysManager [all features] \"before each\" hook: before test",
            "timedOut": false,
            "duration": 2,
            "pass": false,
            "fail": false,
            "pending": false,
            "code": "runner.startTest(this, done);",
            "err": {},
            "isRoot": false,
            "uuid": "509b4319-f6e6-47ff-8f1d-cc94a6dc38fd",
            "isHook": true,
            "skipped": false
          },
          {
            "title": "\"before each\" hook",
            "fullTitle": "Contract: KeysManager [all features] \"before each\" hook",
            "timedOut": false,
            "duration": 315,
            "pass": false,
            "fail": false,
            "pending": false,
            "code": "poaNetworkConsensusMock = await PoaNetworkConsensusMock.new(masterOfCeremony, []);\nproxyStorageMock = await ProxyStorageMock.new(poaNetworkConsensusMock.address);\nkeysManager = await KeysManagerMock.new(proxyStorageMock.address, poaNetworkConsensusMock.address, masterOfCeremony, \"0x0000000000000000000000000000000000000000\");\nawait poaNetworkConsensusMock.setProxyStorage(proxyStorageMock.address);\nawait proxyStorageMock.initializeAddresses(keysManager.address, masterOfCeremony, masterOfCeremony, masterOfCeremony, masterOfCeremony);",
            "err": {},
            "isRoot": false,
            "uuid": "79d23dcb-9edb-426d-868c-0cb6135f33f4",
            "isHook": true,
            "skipped": false
          }
        ],
        "afterHooks": [
          {
            "title": "\"after each\" hook: after test",
            "fullTitle": "Contract: KeysManager [all features] \"after each\" hook: after test",
            "timedOut": false,
            "duration": 0,
            "pass": false,
            "fail": false,
            "pending": false,
            "code": "runner.endTest(this, done);",
            "err": {},
            "isRoot": false,
            "uuid": "f5e3433e-dd90-435d-bd1d-04b31ddd1771",
            "isHook": true,
            "skipped": false
          }
        ],
        "tests": [],
        "suites": [
          {
            "uuid": "da9062af-9c07-499a-ae7d-e43aa2e7f71b",
            "title": "#constructor",
            "fullFile": "/home/travis/build/poanetwork/poa-network-consensus-contracts/test/keys_manager_test.js",
            "file": "/test/keys_manager_test.js",
            "beforeHooks": [],
            "afterHooks": [],
            "tests": [
              {
                "title": "sets masterOfCeremony, proxyStorage, poaConsensus",
                "fullTitle": "Contract: KeysManager [all features] #constructor sets masterOfCeremony, proxyStorage, poaConsensus",
                "timedOut": false,
                "duration": 68,
                "state": "passed",
                "speed": "medium",
                "pass": true,
                "fail": false,
                "pending": false,
                "code": "masterOfCeremony.should.be.equal(await keysManager.masterOfCeremony());\nproxyStorageMock.address.should.be.equal(await keysManager.proxyStorage());\npoaNetworkConsensusMock.address.should.be.equal(await keysManager.poaNetworkConsensus());",
                "err": {},
                "isRoot": false,
                "uuid": "bd64921d-4a65-470c-9690-a4485223c522",
                "isHook": false,
                "skipped": false
              },
              {
                "title": "adds masterOfCeremony to validators hash",
                "fullTitle": "Contract: KeysManager [all features] #constructor adds masterOfCeremony to validators hash",
                "timedOut": false,
                "duration": 19,
                "state": "passed",
                "speed": "fast",
                "pass": true,
                "fail": false,
                "pending": false,
                "code": "const validator = await keysManager.validatorKeys(masterOfCeremony);\nvalidator.should.be.deep.equal(\n  [ '0x0000000000000000000000000000000000000000',\n  '0x0000000000000000000000000000000000000000',\n  true,\n  false,\n  false]\n)",
                "err": {},
                "isRoot": false,
                "uuid": "a02803b6-5e85-4132-8415-484d8d47698c",
                "isHook": false,
                "skipped": false
              }
            ],
            "suites": [],
            "passes": [
              "bd64921d-4a65-470c-9690-a4485223c522",
              "a02803b6-5e85-4132-8415-484d8d47698c"
            ],
            "failures": [],
            "pending": [],
            "skipped": [],
            "duration": 87,
            "root": false,
            "rootEmpty": false,
            "_timeout": 300000
          },
          {
            "uuid": "1543e640-00cc-45d8-b99f-bf0d44fbfb3a",
            "title": "#initiateKeys",
            "fullFile": "/home/travis/build/poanetwork/poa-network-consensus-contracts/test/keys_manager_test.js",
            "file": "/test/keys_manager_test.js",
            "beforeHooks": [],
            "afterHooks": [],
            "tests": [
              {
                "title": "can only be called by master of ceremony",
                "fullTitle": "Contract: KeysManager [all features] #initiateKeys can only be called by master of ceremony",
                "timedOut": false,
                "duration": 68,
                "state": "passed",
                "speed": "medium",
                "pass": true,
                "fail": false,
                "pending": false,
                "code": "await keysManager.initiateKeys(accounts[2], {from: accounts[1]}).should.be.rejectedWith(ERROR_MSG);\nawait keysManager.initiateKeys(accounts[2], {from: masterOfCeremony}).should.be.fulfilled;",
                "err": {},
                "isRoot": false,
                "uuid": "bd6e4ba0-67df-4c56-9650-66c4e97a905a",
                "isHook": false,
                "skipped": false
              },
              {
                "title": "cannot allow 0x0 addresses",
                "fullTitle": "Contract: KeysManager [all features] #initiateKeys cannot allow 0x0 addresses",
                "timedOut": false,
                "duration": 44,
                "state": "passed",
                "speed": "medium",
                "pass": true,
                "fail": false,
                "pending": false,
                "code": "await keysManager.initiateKeys('0x0000000000000000000000000000000000000000').should.be.rejectedWith(ERROR_MSG);\nawait keysManager.initiateKeys('0x0').should.be.rejectedWith(ERROR_MSG);",
                "err": {},
                "isRoot": false,
                "uuid": "0f602293-48d4-42b6-b826-a93c84ace8f4",
                "isHook": false,
                "skipped": false
              },
              {
                "title": "should not allow to initialize already initialized key",
                "fullTitle": "Contract: KeysManager [all features] #initiateKeys should not allow to initialize already initialized key",
                "timedOut": false,
                "duration": 81,
                "state": "passed",
                "speed": "slow",
                "pass": true,
                "fail": false,
                "pending": false,
                "code": "await keysManager.initiateKeys(accounts[2], {from: masterOfCeremony}).should.be.fulfilled;   \nawait keysManager.initiateKeys(accounts[2], {from: masterOfCeremony}).should.be.rejectedWith(ERROR_MSG);",
                "err": {},
                "isRoot": false,
                "uuid": "74f440b5-4cfc-4c14-85d2-60fc9d478b3c",
                "isHook": false,
                "skipped": false
              },
              {
                "title": "should not allow to initialize already initialized key after validator created mining key",
                "fullTitle": "Contract: KeysManager [all features] #initiateKeys should not allow to initialize already initialized key after validator created mining key",
                "timedOut": false,
                "duration": 148,
                "state": "passed",
                "speed": "slow",
                "pass": true,
                "fail": false,
                "pending": false,
                "code": "await keysManager.initiateKeys(accounts[2], {from: masterOfCeremony}).should.be.fulfilled;   \nawait keysManager.createKeys(accounts[3],accounts[4],accounts[5], {from: accounts[2]}).should.be.fulfilled;\nawait keysManager.initiateKeys(accounts[2], {from: masterOfCeremony}).should.be.rejectedWith(ERROR_MSG);",
                "err": {},
                "isRoot": false,
                "uuid": "3c391726-b259-4467-8840-d84ec379e39b",
                "isHook": false,
                "skipped": false
              },
              {
                "title": "should not equal to master of ceremony",
                "fullTitle": "Contract: KeysManager [all features] #initiateKeys should not equal to master of ceremony",
                "timedOut": false,
                "duration": 24,
                "state": "passed",
                "speed": "fast",
                "pass": true,
                "fail": false,
                "pending": false,
                "code": "await keysManager.initiateKeys(masterOfCeremony, {from: masterOfCeremony}).should.be.rejectedWith(ERROR_MSG);",
                "err": {},
                "isRoot": false,
                "uuid": "4b6f4c6d-2783-434e-ad6b-7f7312416231",
                "isHook": false,
                "skipped": false
              },
              {
                "title": "should not allow to initialize more than maxNumberOfInitialKeys",
                "fullTitle": "Contract: KeysManager [all features] #initiateKeys should not allow to initialize more than maxNumberOfInitialKeys",
                "timedOut": false,
                "duration": 173,
                "state": "passed",
                "speed": "slow",
                "pass": true,
                "fail": false,
                "pending": false,
                "code": "await keysManager.setMaxNumberOfInitialKeys(2);\nlet maxNumberOfInitialKeys = await keysManager.maxNumberOfInitialKeys();\nmaxNumberOfInitialKeys.should.be.bignumber.equal(2);\nawait keysManager.initiateKeys(accounts[1], {from: masterOfCeremony}).should.be.fulfilled;\nawait keysManager.initiateKeys(accounts[2], {from: masterOfCeremony}).should.be.fulfilled;\nawait keysManager.initiateKeys(accounts[3], {from: masterOfCeremony}).should.be.rejectedWith(ERROR_MSG);",
                "err": {},
                "isRoot": false,
                "uuid": "52e37094-b880-4324-bc1c-95dd37fe8a0b",
                "isHook": false,
                "skipped": false
              },
              {
                "title": "should not allow to initialize more than maxNumberOfInitialKeys",
                "fullTitle": "Contract: KeysManager [all features] #initiateKeys should not allow to initialize more than maxNumberOfInitialKeys",
                "timedOut": false,
                "duration": 564,
                "state": "passed",
                "speed": "slow",
                "pass": true,
                "fail": false,
                "pending": false,
                "code": "let maxNumberOfInitialKeys = await keysManager.maxNumberOfInitialKeys();\nmaxNumberOfInitialKeys.should.be.bignumber.equal(12);\nawait keysManager.initiateKeys('0x0000000000000000000000000000000000000001', {from: masterOfCeremony}).should.be.fulfilled;\nawait keysManager.initiateKeys('0x0000000000000000000000000000000000000002', {from: masterOfCeremony}).should.be.fulfilled;\nawait keysManager.initiateKeys('0x0000000000000000000000000000000000000003', {from: masterOfCeremony}).should.be.fulfilled;\nawait keysManager.initiateKeys('0x0000000000000000000000000000000000000004', {from: masterOfCeremony}).should.be.fulfilled;\nawait keysManager.initiateKeys('0x0000000000000000000000000000000000000005', {from: masterOfCeremony}).should.be.fulfilled;\nawait keysManager.initiateKeys('0x0000000000000000000000000000000000000006', {from: masterOfCeremony}).should.be.fulfilled;\nawait keysManager.initiateKeys('0x0000000000000000000000000000000000000007', {from: masterOfCeremony}).should.be.fulfilled;\nawait keysManager.initiateKeys('0x0000000000000000000000000000000000000008', {from: masterOfCeremony}).should.be.fulfilled;\nawait keysManager.initiateKeys('0x0000000000000000000000000000000000000009', {from: masterOfCeremony}).should.be.fulfilled;\nawait keysManager.initiateKeys('0x0000000000000000000000000000000000000010', {from: masterOfCeremony}).should.be.fulfilled;\nawait keysManager.initiateKeys('0x0000000000000000000000000000000000000011', {from: masterOfCeremony}).should.be.fulfilled;\nawait keysManager.initiateKeys('0x0000000000000000000000000000000000000012', {from: masterOfCeremony}).should.be.fulfilled;\nawait keysManager.initiateKeys('0x0000000000000000000000000000000000000013', {from: masterOfCeremony}).should.be.rejectedWith(ERROR_MSG);",
                "err": {},
                "isRoot": false,
                "uuid": "481f9d85-cb2f-4593-802f-7c90ed57ff31",
                "isHook": false,
                "skipped": false
              },
              {
                "title": "should increment initialKeyCount by 1",
                "fullTitle": "Contract: KeysManager [all features] #initiateKeys should increment initialKeyCount by 1",
                "timedOut": false,
                "duration": 79,
                "state": "passed",
                "speed": "slow",
                "pass": true,
                "fail": false,
                "pending": false,
                "code": "let initialKeysCount = await keysManager.initialKeysCount();\ninitialKeysCount.should.be.bignumber.equal(0);\nawait keysManager.initiateKeys(accounts[1], {from: masterOfCeremony}).should.be.fulfilled;\ninitialKeysCount = await keysManager.initialKeysCount();\ninitialKeysCount.should.be.bignumber.equal(1);",
                "err": {},
                "isRoot": false,
                "uuid": "0eaaeee3-3f69-4a61-823c-373bf8be7bcc",
                "isHook": false,
                "skipped": false
              },
              {
                "title": "should set initialKeys hash to activated status",
                "fullTitle": "Contract: KeysManager [all features] #initiateKeys should set initialKeys hash to activated status",
                "timedOut": false,
                "duration": 100,
                "state": "passed",
                "speed": "slow",
                "pass": true,
                "fail": false,
                "pending": false,
                "code": "new web3.BigNumber(0).should.be.bignumber.equal(await keysManager.initialKeys(accounts[1]));\nconst {logs} = await keysManager.initiateKeys(accounts[1], {from: masterOfCeremony}).should.be.fulfilled;\nnew web3.BigNumber(1).should.be.bignumber.equal(await keysManager.initialKeys(accounts[1]));\nlet initialKeysCount = await keysManager.initialKeysCount();\n// event InitialKeyCreated(address indexed initialKey, uint256 time, uint256 initialKeysCount);\nlogs[0].event.should.equal(\"InitialKeyCreated\");\nlogs[0].args.initialKey.should.be.equal(accounts[1]);\ninitialKeysCount.should.be.bignumber.equal(logs[0].args.initialKeysCount);",
                "err": {},
                "isRoot": false,
                "uuid": "896534dd-b118-4496-a40c-077c9aa85c3d",
                "isHook": false,
                "skipped": false
              }
            ],
            "suites": [],
            "passes": [
              "bd6e4ba0-67df-4c56-9650-66c4e97a905a",
              "0f602293-48d4-42b6-b826-a93c84ace8f4",
              "74f440b5-4cfc-4c14-85d2-60fc9d478b3c",
              "3c391726-b259-4467-8840-d84ec379e39b",
              "4b6f4c6d-2783-434e-ad6b-7f7312416231",
              "52e37094-b880-4324-bc1c-95dd37fe8a0b",
              "481f9d85-cb2f-4593-802f-7c90ed57ff31",
              "0eaaeee3-3f69-4a61-823c-373bf8be7bcc",
              "896534dd-b118-4496-a40c-077c9aa85c3d"
            ],
            "failures": [],
            "pending": [],
            "skipped": [],
            "duration": 1281,
            "root": false,
            "rootEmpty": false,
            "_timeout": 300000
          },
          {
            "uuid": "4d76b395-dfa3-4d8d-b409-49a674b9f20d",
            "title": "#createKeys",
            "fullFile": "/home/travis/build/poanetwork/poa-network-consensus-contracts/test/keys_manager_test.js",
            "file": "/test/keys_manager_test.js",
            "beforeHooks": [],
            "afterHooks": [],
            "tests": [
              {
                "title": "should only be called from initialized key",
                "fullTitle": "Contract: KeysManager [all features] #createKeys should only be called from initialized key",
                "timedOut": false,
                "duration": 210,
                "state": "passed",
                "speed": "slow",
                "pass": true,
                "fail": false,
                "pending": false,
                "code": "await keysManager.createKeys(accounts[2], accounts[3], accounts[4], {from: accounts[1]}).should.be.rejectedWith(ERROR_MSG);\nawait keysManager.initiateKeys(accounts[1], {from: masterOfCeremony}).should.be.fulfilled;\nawait keysManager.createKeys(accounts[2], accounts[3], accounts[4], {from: accounts[1]}).should.be.fulfilled;",
                "err": {},
                "isRoot": false,
                "uuid": "1cf896f4-dd42-4d01-bbf6-75cabb6e9665",
                "isHook": false,
                "skipped": false
              },
              {
                "title": "params should not be equal to each other",
                "fullTitle": "Contract: KeysManager [all features] #createKeys params should not be equal to each other",
                "timedOut": false,
                "duration": 123,
                "state": "passed",
                "speed": "slow",
                "pass": true,
                "fail": false,
                "pending": false,
                "code": "await keysManager.initiateKeys(accounts[1], {from: masterOfCeremony}).should.be.fulfilled;\nawait keysManager.createKeys(masterOfCeremony, masterOfCeremony, accounts[2], {from: accounts[1]}).should.be.rejectedWith(ERROR_MSG);\nawait keysManager.createKeys(masterOfCeremony, accounts[2], accounts[2], {from: accounts[1]}).should.be.rejectedWith(ERROR_MSG);\nawait keysManager.createKeys(masterOfCeremony, accounts[2], masterOfCeremony, {from: accounts[1]}).should.be.rejectedWith(ERROR_MSG);",
                "err": {},
                "isRoot": false,
                "uuid": "5c07b0f2-cfcb-428f-9b51-dc9047ac088d",
                "isHook": false,
                "skipped": false
              },
              {
                "title": "any of params should not be equal to initialKey",
                "fullTitle": "Contract: KeysManager [all features] #createKeys any of params should not be equal to initialKey",
                "timedOut": false,
                "duration": 117,
                "state": "passed",
                "speed": "slow",
                "pass": true,
                "fail": false,
                "pending": false,
                "code": "await keysManager.initiateKeys(accounts[1], {from: masterOfCeremony}).should.be.fulfilled;\nawait keysManager.createKeys(accounts[1], masterOfCeremony, accounts[2], {from: accounts[1]}).should.be.rejectedWith(ERROR_MSG);\nawait keysManager.createKeys(masterOfCeremony, accounts[1], accounts[2], {from: accounts[1]}).should.be.rejectedWith(ERROR_MSG);\nawait keysManager.createKeys(masterOfCeremony, accounts[2], accounts[1], {from: accounts[1]}).should.be.rejectedWith(ERROR_MSG);",
                "err": {},
                "isRoot": false,
                "uuid": "9ff26b0d-3d19-4ef3-b1e7-5854a4c655bd",
                "isHook": false,
                "skipped": false
              },
              {
                "title": "should assign mining, voting, payout keys to relative mappings",
                "fullTitle": "Contract: KeysManager [all features] #createKeys should assign mining, voting, payout keys to relative mappings",
                "timedOut": false,
                "duration": 198,
                "state": "passed",
                "speed": "slow",
                "pass": true,
                "fail": false,
                "pending": false,
                "code": "await keysManager.initiateKeys(accounts[1], {from: masterOfCeremony}).should.be.fulfilled;\nconst {logs} = await keysManager.createKeys(accounts[4], accounts[3], accounts[2], {from: accounts[1]}).should.be.fulfilled;\ntrue.should.be.equal(\n  await keysManager.isMiningActive(accounts[4])\n)\ntrue.should.be.equal(\n  await keysManager.isVotingActive(accounts[3])\n)\ntrue.should.be.equal(\n  await keysManager.isPayoutActive(accounts[4])\n)\n// event ValidatorInitialized(address indexed miningKey, address indexed votingKey, address indexed payoutKey);\nlogs[0].event.should.be.equal('ValidatorInitialized');\nlogs[0].args.miningKey.should.be.equal(accounts[4]);\nlogs[0].args.votingKey.should.be.equal(accounts[3]);\nlogs[0].args.payoutKey.should.be.equal(accounts[2]);",
                "err": {},
                "isRoot": false,
                "uuid": "f3018b5f-8c36-43b6-bbed-ed7afabebc91",
                "isHook": false,
                "skipped": false
              },
              {
                "title": "should assigns voting <-> mining key relationship",
                "fullTitle": "Contract: KeysManager [all features] #createKeys should assigns voting <-> mining key relationship",
                "timedOut": false,
                "duration": 140,
                "state": "passed",
                "speed": "slow",
                "pass": true,
                "fail": false,
                "pending": false,
                "code": "await keysManager.initiateKeys(accounts[1], {from: masterOfCeremony}).should.be.fulfilled;\nawait keysManager.createKeys(accounts[4], accounts[3], accounts[2], {from: accounts[1]});\nconst miningKey = await keysManager.getMiningKeyByVoting(accounts[3]);\nminingKey.should.be.equal(accounts[4]);",
                "err": {},
                "isRoot": false,
                "uuid": "e483be2e-1426-4399-b09a-f05f859e8180",
                "isHook": false,
                "skipped": false
              },
              {
                "title": "adds validator to poaConsensus contract",
                "fullTitle": "Contract: KeysManager [all features] #createKeys adds validator to poaConsensus contract",
                "timedOut": false,
                "duration": 138,
                "state": "passed",
                "speed": "slow",
                "pass": true,
                "fail": false,
                "pending": false,
                "code": "let miningKey = accounts[4];\nawait keysManager.initiateKeys(accounts[1], {from: masterOfCeremony}).should.be.fulfilled;\nawait keysManager.createKeys(miningKey, accounts[3], accounts[2], {from: accounts[1]});\nconst index = await poaNetworkConsensusMock.currentValidatorsLength();\n(await poaNetworkConsensusMock.pendingList(index)).should.be.equal(miningKey);",
                "err": {},
                "isRoot": false,
                "uuid": "829bb7f7-f0ea-457d-8717-11323acee35f",
                "isHook": false,
                "skipped": false
              },
              {
                "title": "should set validatorKeys hash",
                "fullTitle": "Contract: KeysManager [all features] #createKeys should set validatorKeys hash",
                "timedOut": false,
                "duration": 134,
                "state": "passed",
                "speed": "slow",
                "pass": true,
                "fail": false,
                "pending": false,
                "code": "let miningKey = accounts[4];\nawait keysManager.initiateKeys(accounts[1], {from: masterOfCeremony}).should.be.fulfilled;\nawait keysManager.createKeys(miningKey, accounts[3], accounts[2], {from: accounts[1]});\nconst validatorKey = await keysManager.validatorKeys(miningKey);\nvalidatorKey.should.be.deep.equal([\n  accounts[3],\n  accounts[2],\n  true,\n  true,\n  true\n])",
                "err": {},
                "isRoot": false,
                "uuid": "ad7a6eec-a683-49ec-9fe7-b526006c9434",
                "isHook": false,
                "skipped": false
              },
              {
                "title": "should set validatorKeys hash",
                "fullTitle": "Contract: KeysManager [all features] #createKeys should set validatorKeys hash",
                "timedOut": false,
                "duration": 136,
                "state": "passed",
                "speed": "slow",
                "pass": true,
                "fail": false,
                "pending": false,
                "code": "let miningKey = accounts[4];\nawait keysManager.initiateKeys(accounts[1], {from: masterOfCeremony}).should.be.fulfilled;\nawait keysManager.createKeys(miningKey, accounts[3], accounts[2], {from: accounts[1]});\nnew web3.BigNumber(2).should.be.bignumber.equal(await keysManager.initialKeys(accounts[1]));",
                "err": {},
                "isRoot": false,
                "uuid": "c85fa9f9-cce3-46b5-8d15-ec26d947c8b0",
                "isHook": false,
                "skipped": false
              }
            ],
            "suites": [],
            "passes": [
              "1cf896f4-dd42-4d01-bbf6-75cabb6e9665",
              "5c07b0f2-cfcb-428f-9b51-dc9047ac088d",
              "9ff26b0d-3d19-4ef3-b1e7-5854a4c655bd",
              "f3018b5f-8c36-43b6-bbed-ed7afabebc91",
              "e483be2e-1426-4399-b09a-f05f859e8180",
              "829bb7f7-f0ea-457d-8717-11323acee35f",
              "ad7a6eec-a683-49ec-9fe7-b526006c9434",
              "c85fa9f9-cce3-46b5-8d15-ec26d947c8b0"
            ],
            "failures": [],
            "pending": [],
            "skipped": [],
            "duration": 1196,
            "root": false,
            "rootEmpty": false,
            "_timeout": 300000
          },
          {
            "uuid": "b814a17c-21a1-47ec-a474-b8ff9c3b301e",
            "title": "#addMiningKey",
            "fullFile": "/home/travis/build/poanetwork/poa-network-consensus-contracts/test/keys_manager_test.js",
            "file": "/test/keys_manager_test.js",
            "beforeHooks": [],
            "afterHooks": [],
            "tests": [
              {
                "title": "should only be called from votingToChangeKeys",
                "fullTitle": "Contract: KeysManager [all features] #addMiningKey should only be called from votingToChangeKeys",
                "timedOut": false,
                "duration": 178,
                "state": "passed",
                "speed": "slow",
                "pass": true,
                "fail": false,
                "pending": false,
                "code": "await keysManager.addMiningKey(accounts[1],{from: accounts[5]}).should.be.rejectedWith(ERROR_MSG);\nawait proxyStorageMock.setVotingContractMock(accounts[2]);\nawait keysManager.addMiningKey(accounts[1], {from: accounts[2]}).should.be.fulfilled;",
                "err": {},
                "isRoot": false,
                "uuid": "75a287ac-1237-4464-9418-75a7c11be514",
                "isHook": false,
                "skipped": false
              },
              {
                "title": "should not let add more than maxLimit",
                "fullTitle": "Contract: KeysManager [all features] #addMiningKey should not let add more than maxLimit",
                "timedOut": false,
                "duration": 66,
                "state": "passed",
                "speed": "medium",
                "pass": true,
                "fail": false,
                "pending": false,
                "code": "await poaNetworkConsensusMock.setCurrentValidatorsLength(2001);\nawait keysManager.addMiningKey(accounts[2]).should.be.rejectedWith(ERROR_MSG);",
                "err": {},
                "isRoot": false,
                "uuid": "ee73e85b-5e1f-47cf-8824-db351445143a",
                "isHook": false,
                "skipped": false
              },
              {
                "title": "should set validatorKeys hash",
                "fullTitle": "Contract: KeysManager [all features] #addMiningKey should set validatorKeys hash",
                "timedOut": false,
                "duration": 116,
                "state": "passed",
                "speed": "slow",
                "pass": true,
                "fail": false,
                "pending": false,
                "code": "const {logs} = await keysManager.addMiningKey(accounts[2]).should.be.fulfilled;\nconst validator = await keysManager.validatorKeys(accounts[2]);\nvalidator.should.be.deep.equal(\n  [ '0x0000000000000000000000000000000000000000',\n  '0x0000000000000000000000000000000000000000',\n  true,\n  false,\n  false]\n)\nlogs[0].event.should.be.equal('MiningKeyChanged');\nlogs[0].args.key.should.be.equal(accounts[2]);\nlogs[0].args.action.should.be.equal('added');",
                "err": {},
                "isRoot": false,
                "uuid": "ac4f0c09-010a-41f5-99c8-890410dca00e",
                "isHook": false,
                "skipped": false
              }
            ],
            "suites": [],
            "passes": [
              "75a287ac-1237-4464-9418-75a7c11be514",
              "ee73e85b-5e1f-47cf-8824-db351445143a",
              "ac4f0c09-010a-41f5-99c8-890410dca00e"
            ],
            "failures": [],
            "pending": [],
            "skipped": [],
            "duration": 360,
            "root": false,
            "rootEmpty": false,
            "_timeout": 300000
          },
          {
            "uuid": "51b140d2-7cce-4e0e-a124-b86fc11589b4",
            "title": "#addVotingKey",
            "fullFile": "/home/travis/build/poanetwork/poa-network-consensus-contracts/test/keys_manager_test.js",
            "file": "/test/keys_manager_test.js",
            "beforeHooks": [],
            "afterHooks": [],
            "tests": [
              {
                "title": "should add VotingKey",
                "fullTitle": "Contract: KeysManager [all features] #addVotingKey should add VotingKey",
                "timedOut": false,
                "duration": 220,
                "state": "passed",
                "speed": "slow",
                "pass": true,
                "fail": false,
                "pending": false,
                "code": "await keysManager.addVotingKey(accounts[2],accounts[1], {from: accounts[3]}).should.be.rejectedWith(ERROR_MSG);\nawait keysManager.addMiningKey(accounts[1]).should.be.fulfilled;\nconst {logs} = await keysManager.addVotingKey(accounts[2], accounts[1]).should.be.fulfilled;\ntrue.should.be.equal(await keysManager.isVotingActive(accounts[2]));\nlogs[0].event.should.be.equal('VotingKeyChanged');\nlogs[0].args.key.should.be.equal(accounts[2]);\nlogs[0].args.miningKey.should.be.equal(accounts[1]);\nlogs[0].args.action.should.be.equal('added');\nconst miningKey = await keysManager.getMiningKeyByVoting(accounts[2]);\nminingKey.should.be.equal(accounts[1]);",
                "err": {},
                "isRoot": false,
                "uuid": "84b18da3-c5d1-404c-be5e-79cc38bc473a",
                "isHook": false,
                "skipped": false
              },
              {
                "title": "should only be called if mining is active",
                "fullTitle": "Contract: KeysManager [all features] #addVotingKey should only be called if mining is active",
                "timedOut": false,
                "duration": 200,
                "state": "passed",
                "speed": "slow",
                "pass": true,
                "fail": false,
                "pending": false,
                "code": "await keysManager.addMiningKey(accounts[1]).should.be.fulfilled;\nawait keysManager.removeMiningKey(accounts[1]).should.be.fulfilled;\nawait keysManager.addVotingKey(accounts[2], accounts[1]).should.be.rejectedWith(ERROR_MSG);",
                "err": {},
                "isRoot": false,
                "uuid": "40bd8d8e-5e9b-481a-9562-229475feb10d",
                "isHook": false,
                "skipped": false
              },
              {
                "title": "swaps keys if voting already exists",
                "fullTitle": "Contract: KeysManager [all features] #addVotingKey swaps keys if voting already exists",
                "timedOut": false,
                "duration": 295,
                "state": "passed",
                "speed": "slow",
                "pass": true,
                "fail": false,
                "pending": false,
                "code": "await keysManager.addMiningKey(accounts[1]).should.be.fulfilled;\nawait keysManager.addVotingKey(accounts[2], accounts[1]).should.be.fulfilled;\nawait keysManager.addVotingKey(accounts[3], accounts[1]).should.be.fulfilled;\nfalse.should.be.equal(await keysManager.isVotingActive(accounts[2]));\ntrue.should.be.equal(await keysManager.isVotingActive(accounts[3]));\nconst validator = await keysManager.validatorKeys(accounts[1]);\nvalidator.should.be.deep.equal(\n  [ accounts[3],\n  '0x0000000000000000000000000000000000000000',\n  true,\n  true,\n  false]\n)",
                "err": {},
                "isRoot": false,
                "uuid": "d93dba09-0c62-43b1-81d4-7374fe39aad7",
                "isHook": false,
                "skipped": false
              }
            ],
            "suites": [],
            "passes": [
              "84b18da3-c5d1-404c-be5e-79cc38bc473a",
              "40bd8d8e-5e9b-481a-9562-229475feb10d",
              "d93dba09-0c62-43b1-81d4-7374fe39aad7"
            ],
            "failures": [],
            "pending": [],
            "skipped": [],
            "duration": 715,
            "root": false,
            "rootEmpty": false,
            "_timeout": 300000
          },
          {
            "uuid": "8a885831-9553-411f-b43d-bba46bb397c0",
            "title": "#addPayoutKey",
            "fullFile": "/home/travis/build/poanetwork/poa-network-consensus-contracts/test/keys_manager_test.js",
            "file": "/test/keys_manager_test.js",
            "beforeHooks": [],
            "afterHooks": [],
            "tests": [
              {
                "title": "should add PayoutKey",
                "fullTitle": "Contract: KeysManager [all features] #addPayoutKey should add PayoutKey",
                "timedOut": false,
                "duration": 145,
                "state": "passed",
                "speed": "slow",
                "pass": true,
                "fail": false,
                "pending": false,
                "code": "await keysManager.addPayoutKey(accounts[2],accounts[1]).should.be.rejectedWith(ERROR_MSG);\nawait keysManager.addMiningKey(accounts[1]).should.be.fulfilled;\nconst {logs} = await keysManager.addPayoutKey(accounts[2], accounts[1]).should.be.fulfilled;\nlogs[0].event.should.be.equal('PayoutKeyChanged');\nlogs[0].args.key.should.be.equal(accounts[2]);\nlogs[0].args.miningKey.should.be.equal(accounts[1]);\nlogs[0].args.action.should.be.equal('added');",
                "err": {},
                "isRoot": false,
                "uuid": "3b97c815-0de1-4f0c-bb5b-ff5b1219663b",
                "isHook": false,
                "skipped": false
              },
              {
                "title": "should only be called if mining is active",
                "fullTitle": "Contract: KeysManager [all features] #addPayoutKey should only be called if mining is active",
                "timedOut": false,
                "duration": 245,
                "state": "passed",
                "speed": "slow",
                "pass": true,
                "fail": false,
                "pending": false,
                "code": "await keysManager.addMiningKey(accounts[1]).should.be.fulfilled;\nawait keysManager.removeMiningKey(accounts[1]).should.be.fulfilled;\nawait keysManager.addPayoutKey(accounts[2], accounts[1]).should.be.rejectedWith(ERROR_MSG);",
                "err": {},
                "isRoot": false,
                "uuid": "3b197940-d9cf-4c3a-8080-113261a7bb05",
                "isHook": false,
                "skipped": false
              },
              {
                "title": "swaps keys if voting already exists",
                "fullTitle": "Contract: KeysManager [all features] #addPayoutKey swaps keys if voting already exists",
                "timedOut": false,
                "duration": 212,
                "state": "passed",
                "speed": "slow",
                "pass": true,
                "fail": false,
                "pending": false,
                "code": "await keysManager.addMiningKey(accounts[1]).should.be.fulfilled;\nawait keysManager.addPayoutKey(accounts[2], accounts[1]).should.be.fulfilled;\nawait keysManager.addPayoutKey(accounts[3], accounts[1]).should.be.fulfilled;\ntrue.should.be.equal(await keysManager.isPayoutActive(accounts[1]));\nconst validator = await keysManager.validatorKeys(accounts[1]);\nvalidator.should.be.deep.equal(\n  [ '0x0000000000000000000000000000000000000000',\n  accounts[3],\n  true,\n  false,\n  true]\n)",
                "err": {},
                "isRoot": false,
                "uuid": "c80f7282-038f-45e3-b050-80d40e3a58c9",
                "isHook": false,
                "skipped": false
              }
            ],
            "suites": [],
            "passes": [
              "3b97c815-0de1-4f0c-bb5b-ff5b1219663b",
              "3b197940-d9cf-4c3a-8080-113261a7bb05",
              "c80f7282-038f-45e3-b050-80d40e3a58c9"
            ],
            "failures": [],
            "pending": [],
            "skipped": [],
            "duration": 602,
            "root": false,
            "rootEmpty": false,
            "_timeout": 300000
          },
          {
            "uuid": "0ae9b002-e899-439f-b68f-b3546ffb7150",
            "title": "#removeMiningKey",
            "fullFile": "/home/travis/build/poanetwork/poa-network-consensus-contracts/test/keys_manager_test.js",
            "file": "/test/keys_manager_test.js",
            "beforeHooks": [],
            "afterHooks": [],
            "tests": [
              {
                "title": "should remove miningKey",
                "fullTitle": "Contract: KeysManager [all features] #removeMiningKey should remove miningKey",
                "timedOut": false,
                "duration": 272,
                "state": "passed",
                "speed": "slow",
                "pass": true,
                "fail": false,
                "pending": false,
                "code": "await keysManager.removeMiningKey(accounts[1], {from: accounts[3]}).should.be.rejectedWith(ERROR_MSG);\nawait keysManager.addMiningKey(accounts[1]).should.be.fulfilled;\nawait keysManager.addVotingKey(accounts[3], accounts[1]).should.be.fulfilled;\nconst {logs} = await keysManager.removeMiningKey(accounts[1]).should.be.fulfilled;\nconst validator = await keysManager.validatorKeys(accounts[1]);\nvalidator.should.be.deep.equal(\n  [ '0x0000000000000000000000000000000000000000',\n  '0x0000000000000000000000000000000000000000',\n  false,\n  false,\n  false ]\n)\nlogs[0].event.should.be.equal('MiningKeyChanged');\nlogs[0].args.key.should.be.equal(accounts[1]);\nlogs[0].args.action.should.be.equal('removed');\nconst miningKey = await keysManager.getMiningKeyByVoting(validator[0]);\nminingKey.should.be.equal('0x0000000000000000000000000000000000000000');",
                "err": {},
                "isRoot": false,
                "uuid": "baa201e6-e596-40d5-8282-a9b4c8d78c13",
                "isHook": false,
                "skipped": false
              },
              {
                "title": "removes validator from poaConsensus",
                "fullTitle": "Contract: KeysManager [all features] #removeMiningKey removes validator from poaConsensus",
                "timedOut": false,
                "duration": 357,
                "state": "passed",
                "speed": "slow",
                "pass": true,
                "fail": false,
                "pending": false,
                "code": "await keysManager.addMiningKey(accounts[1]).should.be.fulfilled;\nawait poaNetworkConsensusMock.setSystemAddress(accounts[0]);\nawait poaNetworkConsensusMock.finalizeChange().should.be.fulfilled;\nawait keysManager.removeMiningKey(accounts[1]).should.be.fulfilled;\nlet currentValidatorsLength = await poaNetworkConsensusMock.currentValidatorsLength();\nlet pendingList = [];\nfor(let i = 0; i < currentValidatorsLength.sub(1).toNumber(); i++){\n    let pending = await poaNetworkConsensusMock.pendingList(i);\n    pendingList.push(pending);\n}\npendingList.should.not.contain(accounts[1]);\nawait poaNetworkConsensusMock.finalizeChange().should.be.fulfilled;\nconst validators = await poaNetworkConsensusMock.getValidators();\nvalidators.should.not.contain(accounts[1]);\nconst expected = currentValidatorsLength.sub(1);\nconst actual = await poaNetworkConsensusMock.currentValidatorsLength();\nexpected.should.be.bignumber.equal(actual);",
                "err": {},
                "isRoot": false,
                "uuid": "1346f478-9e39-4acf-8bfa-2c79cd220669",
                "isHook": false,
                "skipped": false
              },
              {
                "title": "should still enforce removal of votingKey to 0x0 even if voting key didnot exist",
                "fullTitle": "Contract: KeysManager [all features] #removeMiningKey should still enforce removal of votingKey to 0x0 even if voting key didnot exist",
                "timedOut": false,
                "duration": 246,
                "state": "passed",
                "speed": "slow",
                "pass": true,
                "fail": false,
                "pending": false,
[...]
                "err": {},
                "isRoot": false,
                "uuid": "9d12b197-a3f1-40c2-a403-f100e6bb9743",
                "isHook": false,
                "skipped": false
              },
              {
                "title": "should not let vote nonVoting key",
                "fullTitle": "Contract: VotingToChangeProxyAddress [all features] #vote should not let vote nonVoting key",
                "timedOut": false,
                "duration": 57,
                "state": "passed",
                "speed": "medium",
                "pass": true,
                "fail": false,
                "pending": false,
                "code": "await voting.setTime(VOTING_START_DATE);\nawait voting.vote(id, choice.reject, { from: accounts[0] }).should.be.rejectedWith(ERROR_MSG);",
                "err": {},
                "isRoot": false,
                "uuid": "dca88a69-2c28-4573-ab33-9a04fbeea8c2",
                "isHook": false,
                "skipped": false
              },
              {
                "title": "should not let vote before startTime key",
                "fullTitle": "Contract: VotingToChangeProxyAddress [all features] #vote should not let vote before startTime key",
                "timedOut": false,
                "duration": 128,
                "state": "passed",
                "speed": "slow",
                "pass": true,
                "fail": false,
                "pending": false,
                "code": "await voting.setTime(VOTING_START_DATE - 1);\nawait voting.vote(id, choice.reject, { from: votingKey }).should.be.rejectedWith(ERROR_MSG);",
                "err": {},
                "isRoot": false,
                "uuid": "b8deb733-ee2e-43f6-bfa7-53801245ffb5",
                "isHook": false,
                "skipped": false
              },
              {
                "title": "should not let vote after endTime key",
                "fullTitle": "Contract: VotingToChangeProxyAddress [all features] #vote should not let vote after endTime key",
                "timedOut": false,
                "duration": 102,
                "state": "passed",
                "speed": "slow",
                "pass": true,
                "fail": false,
                "pending": false,
                "code": "await voting.setTime(VOTING_END_DATE + 1);\nawait voting.vote(id, choice.reject, { from: votingKey }).should.be.rejectedWith(ERROR_MSG);",
                "err": {},
                "isRoot": false,
                "uuid": "c0db2232-ea54-462b-b93c-daebe7630741",
                "isHook": false,
                "skipped": false
              },
              {
                "title": "should not let vote with already voted key",
                "fullTitle": "Contract: VotingToChangeProxyAddress [all features] #vote should not let vote with already voted key",
                "timedOut": false,
                "duration": 211,
                "state": "passed",
                "speed": "slow",
                "pass": true,
                "fail": false,
                "pending": false,
                "code": "await voting.setTime(VOTING_END_DATE);\nawait voting.vote(id, choice.reject, { from: votingKey }).should.be.fulfilled;\nawait voting.vote(id, choice.reject, { from: votingKey }).should.be.rejectedWith(ERROR_MSG);",
                "err": {},
                "isRoot": false,
                "uuid": "874a30d2-e32a-4912-a53b-bba851b7f4df",
                "isHook": false,
                "skipped": false
              },
              {
                "title": "should not let vote with invalid choice",
                "fullTitle": "Contract: VotingToChangeProxyAddress [all features] #vote should not let vote with invalid choice",
                "timedOut": false,
                "duration": 199,
                "state": "passed",
                "speed": "slow",
                "pass": true,
                "fail": false,
                "pending": false,
                "code": "await voting.setTime(VOTING_END_DATE);\nawait voting.vote(id, 0, { from: votingKey }).should.be.rejectedWith(ERROR_MSG);\nawait voting.vote(id, 3, { from: votingKey }).should.be.rejectedWith(ERROR_MSG);",
                "err": {},
                "isRoot": false,
                "uuid": "0e152170-6fa2-4dc6-b3a7-3d0730f3c66d",
                "isHook": false,
                "skipped": false
              },
              {
                "title": "should not let vote with invalid id",
                "fullTitle": "Contract: VotingToChangeProxyAddress [all features] #vote should not let vote with invalid id",
                "timedOut": false,
                "duration": 222,
                "state": "passed",
                "speed": "slow",
                "pass": true,
                "fail": false,
                "pending": false,
                "code": "await voting.setTime(VOTING_END_DATE);\nawait voting.vote(99, 1, { from: votingKey }).should.be.rejectedWith(ERROR_MSG);\nawait voting.vote(-3, 1, { from: votingKey }).should.be.rejectedWith(ERROR_MSG);",
                "err": {},
                "isRoot": false,
                "uuid": "7af910a0-c3c6-47cb-b608-d35e9524c280",
                "isHook": false,
                "skipped": false
              }
            ],
            "suites": [],
            "passes": [
              "28951203-b04b-491a-a949-fd9b11b4ffee",
              "e689b812-d488-41f5-b435-b8b2260dca5a",
              "9d12b197-a3f1-40c2-a403-f100e6bb9743",
              "dca88a69-2c28-4573-ab33-9a04fbeea8c2",
              "b8deb733-ee2e-43f6-bfa7-53801245ffb5",
              "c0db2232-ea54-462b-b93c-daebe7630741",
              "874a30d2-e32a-4912-a53b-bba851b7f4df",
              "0e152170-6fa2-4dc6-b3a7-3d0730f3c66d",
              "7af910a0-c3c6-47cb-b608-d35e9524c280"
            ],
            "failures": [],
            "pending": [],
            "skipped": [],
            "duration": 2182,
            "root": false,
            "rootEmpty": false,
            "_timeout": 300000
          },
          {
            "uuid": "f6adaaae-2359-4785-8613-fbba7202d2f4",
            "title": "#finalize",
            "fullFile": "/home/travis/build/poanetwork/poa-network-consensus-contracts/test/voting_to_change_proxy_test.js",
            "file": "/test/voting_to_change_proxy_test.js",
            "beforeHooks": [
              {
                "title": "\"before each\" hook",
                "fullTitle": "Contract: VotingToChangeProxyAddress [all features] #finalize \"before each\" hook",
                "timedOut": false,
                "duration": 597,
                "pass": false,
                "fail": false,
                "pending": false,
                "code": "VOTING_START_DATE = moment.utc().add(2, 'seconds').unix();\nVOTING_END_DATE = moment.utc().add(30, 'years').unix();\nawait proxyStorageMock.setVotingContractMock(accounts[0]);\nawait keysManager.addMiningKey(accounts[1]).should.be.fulfilled;\nawait keysManager.addVotingKey(votingKey, accounts[1]).should.be.fulfilled;\nawait keysManager.addMiningKey(accounts[6]).should.be.fulfilled;\nawait keysManager.addVotingKey(votingKey2, accounts[6]).should.be.fulfilled;\nawait keysManager.addMiningKey(accounts[4]).should.be.fulfilled;\nawait keysManager.addVotingKey(votingKey3, accounts[4]).should.be.fulfilled;\nawait poaNetworkConsensusMock.setSystemAddress(accounts[0]);\nawait poaNetworkConsensusMock.finalizeChange().should.be.fulfilled;\nawait proxyStorageMock.setVotingContractMock(voting.address);",
                "err": {},
                "isRoot": false,
                "uuid": "4e470fdc-1034-4403-9f0a-5921757074a0",
                "isHook": true,
                "skipped": false
              }
            ],
            "afterHooks": [],
            "tests": [
              {
                "title": "doesnot change if it did not pass minimum threshold",
                "fullTitle": "Contract: VotingToChangeProxyAddress [all features] #finalize doesnot change if it did not pass minimum threshold",
                "timedOut": false,
                "duration": 609,
                "state": "passed",
                "speed": "slow",
                "pass": true,
                "fail": false,
                "pending": false,
                "code": "let proposedValue = 5;\nlet contractType = 1; //keysManager\nvotingId = await voting.nextBallotId();\nawait voting.createBallotToChangeProxyAddress(\n  VOTING_START_DATE, VOTING_END_DATE, accounts[5], contractType, \"memo\",{ from: votingKey });\nawait voting.finalize(votingId, { from: votingKey }).should.be.rejectedWith(ERROR_MSG);\nawait voting.setTime(VOTING_START_DATE);\nawait voting.vote(votingId, choice.accept, { from: votingKey }).should.be.fulfilled;\n// await voting.vote(votingId, choice.accept, {from: votingKey2}).should.be.fulfilled;\nawait voting.setTime(VOTING_END_DATE + 1);\nconst { logs } = await voting.finalize(votingId, { from: votingKey }).should.be.fulfilled;\nawait voting.vote(votingId, choice.accept, { from: votingKey }).should.be.rejectedWith(ERROR_MSG);\nactiveBallotsLength = await voting.activeBallotsLength();\nactiveBallotsLength.should.be.bignumber.equal(0);\ntrue.should.be.equal(await voting.getIsFinalized(votingId));\n// Finalized(msg.sender);\nlogs[0].event.should.be.equal(\"BallotFinalized\");\nlogs[0].args.voter.should.be.equal(votingKey);\nconst votingState = await voting.votingState(votingId);\nvotingState.should.be.deep.equal([\n  new web3.BigNumber(VOTING_START_DATE),\n  new web3.BigNumber(VOTING_END_DATE),\n  new web3.BigNumber(1), //totalVoters\n  new web3.BigNumber(1), //progress\n  true, //isFinalized\n  new web3.BigNumber(3), //quorumState enum QuorumStates {Invalid, InProgress, Accepted, Rejected}\n  new web3.BigNumber(0), //index\n  new web3.BigNumber(3), //minThreshold\n  accounts[5], //porposedValue\n  new web3.BigNumber(contractType),\n  miningKeyForVotingKey, //creator\n  \"memo\"\n])\ntrue.should.be.equal(\n  await voting.hasAlreadyVoted(votingId, votingKey)\n);\nconst minThresholdOfVoters = await ballotsStorage.getBallotThreshold(1);\nminThresholdOfVoters.should.be.bignumber.equal(3);",
                "err": {},
                "isRoot": false,
                "uuid": "95296289-1d59-428c-b6a6-b8a677238516",
                "isHook": false,
                "skipped": false
              },
              {
                "title": "should change getKeysManager address",
                "fullTitle": "Contract: VotingToChangeProxyAddress [all features] #finalize should change getKeysManager address",
                "timedOut": false,
                "duration": 802,
                "state": "passed",
                "speed": "slow",
                "pass": true,
                "fail": false,
                "pending": false,
                "code": "let contractType = 1;\nlet newAddress = accounts[5];\nawait deployAndTest({contractType, newAddress})\nnewAddress.should.be.equal(await proxyStorageMock.getKeysManager());",
                "err": {},
                "isRoot": false,
                "uuid": "560433bf-bd18-4d03-a3f7-8020fe8cebad",
                "isHook": false,
                "skipped": false
              },
              {
                "title": "should change getVotingToChangeKeys",
                "fullTitle": "Contract: VotingToChangeProxyAddress [all features] #finalize should change getVotingToChangeKeys",
                "timedOut": false,
                "duration": 915,
                "state": "passed",
                "speed": "slow",
                "pass": true,
                "fail": false,
                "pending": false,
                "code": "let contractType = 2;\nlet newAddress = accounts[5];\nawait deployAndTest({contractType, newAddress})\nnewAddress.should.be.equal(await proxyStorageMock.getVotingToChangeKeys());",
                "err": {},
                "isRoot": false,
                "uuid": "6b2690ae-d44a-47db-9afc-6af390e9e283",
                "isHook": false,
                "skipped": false
              },
              {
                "title": "should change getVotingToChangeMinThreshold",
                "fullTitle": "Contract: VotingToChangeProxyAddress [all features] #finalize should change getVotingToChangeMinThreshold",
                "timedOut": false,
                "duration": 988,
                "state": "passed",
                "speed": "slow",
                "pass": true,
                "fail": false,
                "pending": false,
                "code": "let contractType = 3;\nlet newAddress = accounts[5];\nawait deployAndTest({contractType, newAddress})\nnewAddress.should.be.equal(await proxyStorageMock.getVotingToChangeMinThreshold());",
                "err": {},
                "isRoot": false,
                "uuid": "ea0d4cd8-33f2-4973-a429-b4c30a86cf82",
                "isHook": false,
                "skipped": false
              },
              {
                "title": "should change getVotingToChangeProxy",
                "fullTitle": "Contract: VotingToChangeProxyAddress [all features] #finalize should change getVotingToChangeProxy",
                "timedOut": false,
                "duration": 919,
                "state": "passed",
                "speed": "slow",
                "pass": true,
                "fail": false,
                "pending": false,
                "code": "let contractType = 4;\nlet newAddress = accounts[5];\nawait deployAndTest({contractType, newAddress})\nnewAddress.should.be.equal(await proxyStorageMock.getVotingToChangeProxy());",
                "err": {},
                "isRoot": false,
                "uuid": "2008a5dc-efc4-4584-b0d2-61df934e687c",
                "isHook": false,
                "skipped": false
              },
              {
                "title": "should change getBallotsStorage",
                "fullTitle": "Contract: VotingToChangeProxyAddress [all features] #finalize should change getBallotsStorage",
                "timedOut": false,
                "duration": 928,
                "state": "passed",
                "speed": "slow",
                "pass": true,
                "fail": false,
                "pending": false,
                "code": "let contractType = 5;\nlet newAddress = accounts[5];\nawait deployAndTest({contractType, newAddress})\nnewAddress.should.be.equal(await proxyStorageMock.getBallotsStorage());",
                "err": {},
                "isRoot": false,
                "uuid": "25d03e77-e125-44ac-8c47-e619c46637af",
                "isHook": false,
                "skipped": false
              },
              {
                "title": "prevents double finalize",
                "fullTitle": "Contract: VotingToChangeProxyAddress [all features] #finalize prevents double finalize",
                "timedOut": false,
                "duration": 1305,
                "state": "passed",
                "speed": "slow",
                "pass": true,
                "fail": false,
                "pending": false,
                "code": "let newAddress1 = accounts[4];\nlet newAddress2 = accounts[5];\nlet contractType1 = 4;\nlet contractType2 = 5;\nawait voting.createBallotToChangeProxyAddress(\n  VOTING_START_DATE, VOTING_END_DATE, newAddress1, contractType1,\"memo\", { from: votingKey });\nawait voting.createBallotToChangeProxyAddress(\n  VOTING_START_DATE+2, VOTING_END_DATE+2, newAddress2, contractType2,\"memo\", { from: votingKey });\n  \nconst activeBallotsLength = await voting.activeBallotsLength();\nvotingId = await voting.activeBallots(activeBallotsLength.toNumber() - 2);\nlet votingIdForSecond = votingId.add(1);\nawait voting.setTime(VOTING_START_DATE);\nawait voting.vote(votingId, choice.reject, {from: votingKey}).should.be.fulfilled;\nfalse.should.be.equal(await voting.hasAlreadyVoted(votingId, votingKey2));\nawait voting.vote(votingId, choice.accept, {from: votingKey2}).should.be.fulfilled;\nawait voting.vote(votingId, choice.accept, {from: votingKey3}).should.be.fulfilled;\nawait voting.setTime(VOTING_END_DATE + 1);\nfalse.should.be.equal(await voting.getIsFinalized(votingId));\nawait voting.finalize(votingId, {from: votingKey}).should.be.fulfilled;\ntrue.should.be.equal(await voting.getIsFinalized(votingId));\nawait voting.finalize(votingId, {from: votingKey}).should.be.rejectedWith(ERROR_MSG);\nawait voting.finalize(votingIdForSecond, {from: votingKey}).should.be.rejectedWith(ERROR_MSG);\nfalse.should.be.equal(await voting.getIsFinalized(votingIdForSecond));\nawait voting.vote(votingIdForSecond, choice.reject, {from: votingKey}).should.be.fulfilled;\nawait voting.setTime(VOTING_END_DATE + 3);\nawait voting.finalize(votingIdForSecond, {from: votingKey}).should.be.fulfilled;\nnew web3.BigNumber(-1).should.be.bignumber.equal(await voting.getProgress(votingIdForSecond))\nnew web3.BigNumber(1).should.be.bignumber.equal(await voting.getProgress(votingId))\nlet votingState1 = await voting.votingState(votingId);\nvotingState1.should.be.deep.equal([\n  new web3.BigNumber(VOTING_START_DATE),\n  new web3.BigNumber(VOTING_END_DATE),\n  new web3.BigNumber(3), //totalVoters\n  new web3.BigNumber(1), //progress\n  true, //isFinalized\n  new web3.BigNumber(2), //quorumState enum QuorumStates {Invalid, InProgress, Accepted, Rejected}\n  new web3.BigNumber(0), //index\n  new web3.BigNumber(3), //minThreshold\n  newAddress1, //proposedValue\n  new web3.BigNumber(contractType1),\n  miningKeyForVotingKey, //creator\n  \"memo\"\n])\nlet votingState2 = await voting.votingState(votingIdForSecond);\nvotingState2.should.be.deep.equal([\n  new web3.BigNumber(VOTING_START_DATE+2),\n  new web3.BigNumber(VOTING_END_DATE+2),\n  new web3.BigNumber(1), //totalVoters\n  new web3.BigNumber(-1), //progress\n  true, //isFinalized\n  new web3.BigNumber(3), //quorumState enum QuorumStates {Invalid, InProgress, Accepted, Rejected}\n  new web3.BigNumber(0), //index\n  new web3.BigNumber(3), //minThreshold\n  newAddress2, //proposedValue\n  new web3.BigNumber(contractType2),\n  miningKeyForVotingKey, //creator\n  \"memo\"\n])",
                "err": {},
                "isRoot": false,
                "uuid": "3914f7db-a721-44d3-9143-3b9c14669b44",
                "isHook": false,
                "skipped": false
              }
            ],
            "suites": [],
            "passes": [
              "95296289-1d59-428c-b6a6-b8a677238516",
              "560433bf-bd18-4d03-a3f7-8020fe8cebad",
              "6b2690ae-d44a-47db-9afc-6af390e9e283",
              "ea0d4cd8-33f2-4973-a429-b4c30a86cf82",
              "2008a5dc-efc4-4584-b0d2-61df934e687c",
              "25d03e77-e125-44ac-8c47-e619c46637af",
              "3914f7db-a721-44d3-9143-3b9c14669b44"
            ],
            "failures": [],
            "pending": [],
            "skipped": [],
            "duration": 6466,
            "root": false,
            "rootEmpty": false,
            "_timeout": 300000
          }
        ],
        "passes": [],
        "failures": [],
        "pending": [],
        "skipped": [],
        "duration": 0,
        "root": false,
        "rootEmpty": false,
        "_timeout": 300000
      }
    ],
    "passes": [],
    "failures": [],
    "pending": [],
    "skipped": [],
    "duration": 0,
    "root": true,
    "rootEmpty": true,
    "_timeout": 2000
  },
  "copyrightYear": 2018
}